app/build/intermediates/manifest_merge_blame_file/debug/manifest-merger-blame-debug-report.txt
1<?xml version="1.0" encoding="utf-8"?>
2<manifest xmlns:android="http://schemas.android.com/apk/res/android"
3    package="com.example.flixster"
4    android:versionCode="1"
5    android:versionName="1.0" >
6
7    <uses-sdk
8        android:minSdkVersion="25"
8-->src\main\AndroidManifest.xml
9        android:targetSdkVersion="29" />
9-->src\main\AndroidManifest.xml
10
11    <uses-permission android:name="android.permission.INTERNET" />
11-->src\main\AndroidManifest.xml:5:5-67
11-->src\main\AndroidManifest.xml:5:22-64
12
13    <application
13-->src\main\AndroidManifest.xml:7:5-32:19
14        android:allowBackup="true"
14-->src\main\AndroidManifest.xml:8:9-35
15        android:appComponentFactory="androidx.core.app.CoreComponentFactory"
15-->[androidx.core:core:1.1.0] AndroidManifest.xml:24:18-86
16        android:debuggable="true"
17        android:extractNativeLibs="false"
18        android:icon="@mipmap/ic_launcher"
18-->src\main\AndroidManifest.xml:9:9-43
19        android:label="@string/app_name"
19-->src\main\AndroidManifest.xml:10:9-41
20        android:roundIcon="@mipmap/ic_launcher_round"
20-->src\main\AndroidManifest.xml:11:9-54
21        android:supportsRtl="true"
21-->src\main\AndroidManifest.xml:12:9-35
22        android:testOnly="true"
23        android:theme="@style/AppTheme" >
23-->src\main\AndroidManifest.xml:13:9-40
24        <activity
24-->src\main\AndroidManifest.xml:14:9-15:48
25            android:name="com.example.flixster.MovieTrailerActivity"
25-->src\main\AndroidManifest.xml:14:19-55
26            android:label="Trailer" />
26-->src\main\AndroidManifest.xml:15:13-36
27        <activity
27-->src\main\AndroidManifest.xml:17:9-19:53
28            android:name="com.example.flixster.MoreDetailsActivity"
28-->src\main\AndroidManifest.xml:18:13-48
29            android:label="More Details" />
29-->src\main\AndroidManifest.xml:19:13-41
30        <activity android:name="com.example.flixster.MainActivity" >
30-->src\main\AndroidManifest.xml:21:9-26:20
30-->src\main\AndroidManifest.xml:21:19-47
31            <intent-filter>
31-->src\main\AndroidManifest.xml:22:13-25:29
32                <action android:name="android.intent.action.MAIN" />
32-->src\main\AndroidManifest.xml:23:17-69
32-->src\main\AndroidManifest.xml:23:25-66
33
34                <category android:name="android.intent.category.LAUNCHER" />
34-->src\main\AndroidManifest.xml:24:17-77
34-->src\main\AndroidManifest.xml:24:27-74
35            </intent-filter>
36        </activity>
37
38        <meta-data
38-->src\main\AndroidManifest.xml:29:9-31:57
39            android:name="preloaded_fonts"
39-->src\main\AndroidManifest.xml:30:13-43
40            android:resource="@array/preloaded_fonts" />
40-->src\main\AndroidManifest.xml:31:13-54
41    </application>
42
43</manifest>